[INFO] [2016-01-01 23:41:45][com.cglib.MyCglibProxy]调用的方法：insert
[INFO] [2016-01-01 23:41:45][com.cglib.MyCglibProxy]调用的方法：insert
[INFO] [2016-01-01 23:42:48][com.cglib.MyCglibProxy]调用的方法：toString
[INFO] [2016-01-01 23:42:48][com.cglib.MyCglibProxy]调用的方法：hashCode
[INFO] [2016-01-01 23:42:52][com.cglib.MyCglibProxy]调用的方法：insert
[INFO] [2016-01-01 23:42:52][com.cglib.MyCglibProxy]调用的方法：toString
[INFO] [2016-01-01 23:42:52][com.cglib.MyCglibProxy]调用的方法：hashCode
[INFO] [2016-01-01 23:42:53][com.cglib.MyCglibProxy]调用的方法：toString
[INFO] [2016-01-01 23:42:53][com.cglib.MyCglibProxy]调用的方法：hashCode
[INFO] [2016-01-01 23:42:55][com.cglib.MyCglibProxy]调用的方法：toString
[INFO] [2016-01-01 23:42:55][com.cglib.MyCglibProxy]调用的方法：hashCode
[INFO] [2016-01-01 23:43:06][com.cglib.MyCglibProxy]调用的方法：toString
[INFO] [2016-01-01 23:43:06][com.cglib.MyCglibProxy]调用的方法：hashCode
[INFO] [2016-01-01 23:43:08][com.cglib.MyCglibProxy]调用的方法：toString
[INFO] [2016-01-01 23:43:08][com.cglib.MyCglibProxy]调用的方法：hashCode
[INFO] [2016-01-01 23:43:14][com.cglib.MyCglibProxy]调用的方法：insert
[INFO] [2016-01-01 23:44:32][com.cglib.MyCglibProxy]调用的方法：toString
[INFO] [2016-01-01 23:44:32][com.cglib.MyCglibProxy]调用的方法：hashCode
[INFO] [2016-01-01 23:44:33][com.cglib.MyCglibProxy]调用的方法：toString
[INFO] [2016-01-01 23:44:33][com.cglib.MyCglibProxy]调用的方法：hashCode
[INFO] [2016-01-01 23:45:04][com.cglib.MyCglibProxy]调用的方法：insert
[INFO] [2016-01-01 23:45:04][com.cglib.MyCglibProxy]调用的方法：toString
[INFO] [2016-01-01 23:45:04][com.cglib.MyCglibProxy]调用的方法：hashCode
[INFO] [2016-01-01 23:45:24][com.cglib.MyCglibProxy]调用的方法：toString
[INFO] [2016-01-01 23:45:24][com.cglib.MyCglibProxy]调用的方法：hashCode
[INFO] [2016-01-01 23:45:26][com.cglib.MyCglibProxy]调用的方法：toString
[INFO] [2016-01-01 23:45:26][com.cglib.MyCglibProxy]调用的方法：hashCode
[INFO] [2016-01-01 23:45:31][com.cglib.MyCglibProxy]调用的方法：toString
[INFO] [2016-01-01 23:45:31][com.cglib.MyCglibProxy]调用的方法：hashCode
[INFO] [2016-01-01 23:45:32][com.cglib.MyCglibProxy]调用的方法：toString
[INFO] [2016-01-01 23:45:32][com.cglib.MyCglibProxy]调用的方法：hashCode
[INFO] [2016-01-01 23:45:34][com.cglib.MyCglibProxy]调用的方法：toString
[INFO] [2016-01-01 23:45:34][com.cglib.MyCglibProxy]调用的方法：hashCode
[INFO] [2016-01-01 23:45:37][com.cglib.MyCglibProxy]调用的方法：toString
[INFO] [2016-01-01 23:45:37][com.cglib.MyCglibProxy]调用的方法：hashCode
[INFO] [2016-01-01 23:45:48][com.cglib.MyCglibProxy]调用的方法：toString
[INFO] [2016-01-01 23:45:48][com.cglib.MyCglibProxy]调用的方法：hashCode
[INFO] [2016-01-01 23:46:02][com.cglib.MyCglibProxy]调用的方法：toString
[INFO] [2016-01-01 23:46:02][com.cglib.MyCglibProxy]调用的方法：hashCode
[INFO] [2016-01-01 23:46:10][com.cglib.MyCglibProxy]调用的方法：toString
[INFO] [2016-01-01 23:46:12][com.cglib.MyCglibProxy]调用的方法：insert
[INFO] [2016-01-01 23:47:07][com.cglib.MyCglibProxy]调用的方法：insert
[INFO] [2016-01-01 23:47:07][com.cglib.MyCglibProxy]调用的方法：insert
[INFO] [2016-01-02 00:13:55][com.cglib.MyCglibProxy]调用的方法：insert
[INFO] [2016-01-02 00:17:51][com.cglib.MyCglibProxy]调用的方法：query
[INFO] [2016-01-02 01:11:14][com.cglib.MyCglibProxy]调用的方法：insert
[INFO] [2016-01-02 01:11:14][com.cglib.MyCglibProxy]调用的方法：insert
[INFO] [2016-01-02 01:11:14][com.cglib.MyCglibProxy]调用的方法：insert
[INFO] [2016-01-02 01:12:01][com.cglib.MyCglibProxy]调用的方法：insert
[INFO] [2016-01-02 01:12:01][com.cglib.MyCglibProxy]调用的方法：insert
[INFO] [2016-01-02 01:12:01][com.cglib.MyCglibProxy]调用的方法：insert
[INFO] [2016-01-02 01:15:46][com.cglib.MyCglibProxy]调用的方法：insert
[INFO] [2016-01-02 01:15:46][com.cglib.MyCglibProxy]调用的方法：insert
[INFO] [2016-01-02 01:15:46][com.cglib.MyCglibProxy]调用的方法：insert
[INFO] [2016-01-03 17:38:42][org.springframework.test.context.web.WebTestContextBootstrapper]Loaded default TestExecutionListener class names from location [META-INF/spring.factories]: [org.springframework.test.context.web.ServletTestExecutionListener, org.springframework.test.context.support.DependencyInjectionTestExecutionListener, org.springframework.test.context.support.DirtiesContextTestExecutionListener, org.springframework.test.context.transaction.TransactionalTestExecutionListener, org.springframework.test.context.jdbc.SqlScriptsTestExecutionListener]
[INFO] [2016-01-03 17:38:42][org.springframework.test.context.web.WebTestContextBootstrapper]Using TestExecutionListeners: [org.springframework.test.context.web.ServletTestExecutionListener@2c34f934, org.springframework.test.context.support.DependencyInjectionTestExecutionListener@12d3a4e9, org.springframework.test.context.support.DirtiesContextTestExecutionListener@240237d2, org.springframework.test.context.transaction.TransactionalTestExecutionListener@25a65b77, org.springframework.test.context.jdbc.SqlScriptsTestExecutionListener@2ed0fbae]
